03-Mar-2015 20:42:37.909 INFO [main] org.apache.catalina.startup.VersionLoggerListener.log Server version:        Apache Tomcat/8.0.20
03-Mar-2015 20:42:37.933 INFO [main] org.apache.catalina.startup.VersionLoggerListener.log Server built:          Feb 15 2015 18:10:42 UTC
03-Mar-2015 20:42:37.934 INFO [main] org.apache.catalina.startup.VersionLoggerListener.log Server number:         8.0.20.0
03-Mar-2015 20:42:37.934 INFO [main] org.apache.catalina.startup.VersionLoggerListener.log OS Name:               Windows 7
03-Mar-2015 20:42:37.934 INFO [main] org.apache.catalina.startup.VersionLoggerListener.log OS Version:            6.1
03-Mar-2015 20:42:37.934 INFO [main] org.apache.catalina.startup.VersionLoggerListener.log Architecture:          x86
03-Mar-2015 20:42:37.935 INFO [main] org.apache.catalina.startup.VersionLoggerListener.log Java Home:             C:\Program Files (x86)\Java\jdk1.8.0_20\jre
03-Mar-2015 20:42:37.935 INFO [main] org.apache.catalina.startup.VersionLoggerListener.log JVM Version:           1.8.0_20-b26
03-Mar-2015 20:42:37.935 INFO [main] org.apache.catalina.startup.VersionLoggerListener.log JVM Vendor:            Oracle Corporation
03-Mar-2015 20:42:37.935 INFO [main] org.apache.catalina.startup.VersionLoggerListener.log CATALINA_BASE:         D:\Programas\apache-tomcat-8.0.20
03-Mar-2015 20:42:37.936 INFO [main] org.apache.catalina.startup.VersionLoggerListener.log CATALINA_HOME:         D:\Programas\apache-tomcat-8.0.20
03-Mar-2015 20:42:37.936 INFO [main] org.apache.catalina.startup.VersionLoggerListener.log Command line argument: -Djava.util.logging.config.file=D:\Programas\apache-tomcat-8.0.20\conf\logging.properties
03-Mar-2015 20:42:37.936 INFO [main] org.apache.catalina.startup.VersionLoggerListener.log Command line argument: -Djava.util.logging.manager=org.apache.juli.ClassLoaderLogManager
03-Mar-2015 20:42:37.937 INFO [main] org.apache.catalina.startup.VersionLoggerListener.log Command line argument: -Djava.endorsed.dirs=D:\Programas\apache-tomcat-8.0.20\endorsed
03-Mar-2015 20:42:37.937 INFO [main] org.apache.catalina.startup.VersionLoggerListener.log Command line argument: -Dcatalina.base=D:\Programas\apache-tomcat-8.0.20
03-Mar-2015 20:42:37.937 INFO [main] org.apache.catalina.startup.VersionLoggerListener.log Command line argument: -Dcatalina.home=D:\Programas\apache-tomcat-8.0.20
03-Mar-2015 20:42:37.937 INFO [main] org.apache.catalina.startup.VersionLoggerListener.log Command line argument: -Djava.io.tmpdir=D:\Programas\apache-tomcat-8.0.20\temp
03-Mar-2015 20:42:37.938 INFO [main] org.apache.catalina.core.AprLifecycleListener.lifecycleEvent The APR based Apache Tomcat Native library which allows optimal performance in production environments was not found on the java.library.path: C:\Program Files (x86)\Java\jdk1.8.0_20\bin;C:\Windows\Sun\Java\bin;C:\Windows\system32;C:\Windows;C:\ProgramData\Oracle\Java\javapath;C:\Program Files\Common Files\Microsoft Shared\Windows Live;C:\Program Files (x86)\Common Files\Microsoft Shared\Windows Live;C:\Program Files (x86)\AMD APP\bin\x86_64;C:\Program Files (x86)\AMD APP\bin\x86;C:\Program Files (x86)\NVIDIA Corporation\PhysX\Common;C:\Program Files (x86)\Embarcadero\RAD Studio\7.0\bin;C:\Users\Public\Documents\RAD Studio\7.0\Bpl;C:\Program Files (x86)\CollabNet;C:\Program Files (x86)\Embarcadero\RAD Studio\10.0\bin;C:\Users\Public\Documents\RAD Studio\10.0\Bpl;C:\Program Files (x86)\Embarcadero\RAD Studio\10.0\bin64;C:\Users\Public\Documents\RAD Studio\10.0\Bpl\Win64;C:\Windows\system32;C:\Windows;C:\Windows\System32\Wbem;C:\Windows\System32\WindowsPowerShell\v1.0\;C:\Program Files (x86)\ATI Technologies\ATI.ACE\Core-Static;C:\Program Files\Internet Explorer;C:\Program Files (x86)\QuickTime\QTSystem\;C:\Program Files\Java\jdk1.7.0_25\bin;C:\Program Files (x86)\Microsoft SQL Server\110\Tools\Binn\;C:\Program Files\Microsoft SQL Server\110\Tools\Binn\;C:\Program Files\Microsoft SQL Server\110\DTS\Binn\;C:\Program Files (x86)\Microsoft SQL Server\110\Tools\Binn\ManagementStudio\;C:\Program Files (x86)\Microsoft SQL Server\110\DTS\Binn\;C:\Program Files (x86)\Windows Live\Shared;C:\Program Files\Microsoft\Web Platform Installer\;C:\Program Files (x86)\Microsoft ASP.NET\ASP.NET Web Pages\v1.0\;C:\Program Files (x86)\AMD\ATI.ACE\Core-Static;C:\MinGW\bin;C:\msys\1.0\bin;C:\MinGW\msys\1.0\bin;c:\gtk2\bin;.
03-Mar-2015 20:42:46.013 INFO [main] org.apache.coyote.AbstractProtocol.init Initializing ProtocolHandler ["http-nio-8080"]
03-Mar-2015 20:42:47.796 INFO [main] org.apache.tomcat.util.net.NioSelectorPool.getSharedSelector Using a shared selector for servlet write/read
03-Mar-2015 20:42:47.803 INFO [main] org.apache.coyote.AbstractProtocol.init Initializing ProtocolHandler ["ajp-nio-8009"]
03-Mar-2015 20:42:47.813 INFO [main] org.apache.tomcat.util.net.NioSelectorPool.getSharedSelector Using a shared selector for servlet write/read
03-Mar-2015 20:42:47.813 INFO [main] org.apache.catalina.startup.Catalina.load Initialization processed in 17711 ms
03-Mar-2015 20:42:48.358 INFO [main] org.apache.catalina.core.StandardService.startInternal Starting service Catalina
03-Mar-2015 20:42:48.358 INFO [main] org.apache.catalina.core.StandardEngine.startInternal Starting Servlet Engine: Apache Tomcat/8.0.20
03-Mar-2015 20:42:48.568 INFO [localhost-startStop-1] org.apache.catalina.startup.HostConfig.deployDirectory Deploying web application directory D:\Programas\apache-tomcat-8.0.20\webapps\ROOT
03-Mar-2015 20:42:55.109 INFO [localhost-startStop-1] org.apache.catalina.util.SessionIdGeneratorBase.createSecureRandom Creation of SecureRandom instance for session ID generation using [SHA1PRNG] took [1,065] milliseconds.
03-Mar-2015 20:42:55.269 INFO [localhost-startStop-1] org.apache.catalina.startup.HostConfig.deployDirectory Deployment of web application directory D:\Programas\apache-tomcat-8.0.20\webapps\ROOT has finished in 6,701 ms
03-Mar-2015 20:42:55.269 INFO [localhost-startStop-1] org.apache.catalina.startup.HostConfig.deployDirectory Deploying web application directory D:\Programas\apache-tomcat-8.0.20\webapps\docs
03-Mar-2015 20:42:58.164 INFO [localhost-startStop-1] org.apache.catalina.startup.HostConfig.deployDirectory Deployment of web application directory D:\Programas\apache-tomcat-8.0.20\webapps\docs has finished in 2,895 ms
03-Mar-2015 20:42:58.164 INFO [localhost-startStop-1] org.apache.catalina.startup.HostConfig.deployDirectory Deploying web application directory D:\Programas\apache-tomcat-8.0.20\webapps\examples
03-Mar-2015 20:43:21.271 INFO [localhost-startStop-1] org.apache.catalina.startup.HostConfig.deployDirectory Deployment of web application directory D:\Programas\apache-tomcat-8.0.20\webapps\examples has finished in 23,107 ms
03-Mar-2015 20:43:21.271 INFO [localhost-startStop-1] org.apache.catalina.startup.HostConfig.deployDirectory Deploying web application directory D:\Programas\apache-tomcat-8.0.20\webapps\host-manager
03-Mar-2015 20:43:25.854 INFO [localhost-startStop-1] org.apache.catalina.startup.HostConfig.deployDirectory Deployment of web application directory D:\Programas\apache-tomcat-8.0.20\webapps\host-manager has finished in 4,583 ms
03-Mar-2015 20:43:25.858 INFO [localhost-startStop-1] org.apache.catalina.startup.HostConfig.deployDirectory Deploying web application directory D:\Programas\apache-tomcat-8.0.20\webapps\manager
03-Mar-2015 20:43:28.099 INFO [localhost-startStop-1] org.apache.catalina.startup.HostConfig.deployDirectory Deployment of web application directory D:\Programas\apache-tomcat-8.0.20\webapps\manager has finished in 2,244 ms
03-Mar-2015 20:43:28.108 INFO [main] org.apache.coyote.AbstractProtocol.start Starting ProtocolHandler ["http-nio-8080"]
03-Mar-2015 20:43:28.141 INFO [main] org.apache.coyote.AbstractProtocol.start Starting ProtocolHandler ["ajp-nio-8009"]
03-Mar-2015 20:43:28.156 INFO [main] org.apache.catalina.startup.Catalina.start Server startup in 40262 ms
03-Mar-2015 20:43:36.793 INFO [http-nio-8080-exec-16] org.apache.catalina.startup.HostConfig.deployDescriptor Deploying configuration descriptor D:\Programas\apache-tomcat-8.0.20\conf\Catalina\localhost\Escola.xml
03-Mar-2015 20:43:36.856 WARNING [http-nio-8080-exec-16] org.apache.catalina.startup.SetContextPropertiesRule.begin [SetContextPropertiesRule]{Context} Setting property 'antiJARLocking' to 'true' did not find a matching property.
03-Mar-2015 20:43:47.415 INFO [http-nio-8080-exec-16] org.apache.jasper.servlet.TldScanner.scanJars At least one JAR was scanned for TLDs yet contained no TLDs. Enable debug logging for this logger for a complete list of JARs that were scanned but no TLDs were found in them. Skipping unneeded JARs during scanning can improve startup time and JSP compilation time.
03-Mar-2015 20:43:47.597 INFO [http-nio-8080-exec-16] org.apache.catalina.startup.HostConfig.deployDescriptor Deployment of configuration descriptor D:\Programas\apache-tomcat-8.0.20\conf\Catalina\localhost\Escola.xml has finished in 10,805 ms
03-Mar-2015 20:43:47.604 INFO [http-nio-8080-exec-9] org.apache.catalina.util.LifecycleBase.start The start() method was called on component [StandardEngine[Catalina].StandardHost[localhost].StandardContext[/Escola]] after start() had already been called. The second call will be ignored.
03-Mar-2015 21:35:59.786 INFO [http-nio-8080-exec-5] org.apache.catalina.startup.HostConfig.deployDescriptor Deploying configuration descriptor D:\Programas\apache-tomcat-8.0.20\conf\Catalina\localhost\CalculadoraBinariaWS.xml
03-Mar-2015 21:35:59.866 WARNING [http-nio-8080-exec-5] org.apache.catalina.startup.SetContextPropertiesRule.begin [SetContextPropertiesRule]{Context} Setting property 'antiJARLocking' to 'true' did not find a matching property.
03-Mar-2015 21:36:23.676 INFO [http-nio-8080-exec-5] org.apache.jasper.servlet.TldScanner.scanJars At least one JAR was scanned for TLDs yet contained no TLDs. Enable debug logging for this logger for a complete list of JARs that were scanned but no TLDs were found in them. Skipping unneeded JARs during scanning can improve startup time and JSP compilation time.
03-Mar-2015 21:36:24.469 INFO [http-nio-8080-exec-5] null.null WSSERVLET12: JAX-WS context listener initializing
03-Mar-2015 21:36:46.334 INFO [http-nio-8080-exec-5] null.null Metro monitoring rootname successfully set to: com.sun.metro:pp=/,type=WSEndpoint,name=/CalculadoraBinariaWS-CaculadoraBinariaWS-CaculadoraBinariaWSPort
03-Mar-2015 21:36:53.101 INFO [http-nio-8080-exec-5] null.null WSSERVLET14: JAX-WS servlet initializing
03-Mar-2015 21:36:53.157 INFO [http-nio-8080-exec-5] org.apache.catalina.startup.HostConfig.deployDescriptor Deployment of configuration descriptor D:\Programas\apache-tomcat-8.0.20\conf\Catalina\localhost\CalculadoraBinariaWS.xml has finished in 53,371 ms
03-Mar-2015 21:36:53.168 INFO [http-nio-8080-exec-10] org.apache.catalina.util.LifecycleBase.start The start() method was called on component [StandardEngine[Catalina].StandardHost[localhost].StandardContext[/CalculadoraBinariaWS]] after start() had already been called. The second call will be ignored.
03-Mar-2015 21:44:26.828 INFO [http-nio-8080-exec-6] null.null WSSERVLET15: JAX-WS servlet destroyed
03-Mar-2015 21:44:26.829 INFO [http-nio-8080-exec-6] com.sun.xml.ws.server.MonitorBase.closeMOM Closing Metro monitoring root: com.sun.metro:pp=/,type=WSEndpoint,name=/CalculadoraBinariaWS-CaculadoraBinariaWS-CaculadoraBinariaWSPort
03-Mar-2015 21:44:26.829 INFO [http-nio-8080-exec-6] com.sun.xml.ws.transport.http.servlet.WSServletContextListener.contextDestroyed WSSERVLET13: JAX-WS context listener destroyed
03-Mar-2015 21:44:26.844 SEVERE [http-nio-8080-exec-6] org.apache.catalina.loader.WebappClassLoaderBase.checkThreadLocalMapForLeaks The web application [CalculadoraBinariaWS] created a ThreadLocal with key of type [org.glassfish.gmbal.generic.OperationTracer$1] (value [org.glassfish.gmbal.generic.OperationTracer$1@eacf4]) and a value of type [java.util.ArrayList] (value [[]]) but failed to remove it when the web application was stopped. Threads are going to be renewed over time to try and avoid a probable memory leak.
03-Mar-2015 21:44:26.844 SEVERE [http-nio-8080-exec-6] org.apache.catalina.loader.WebappClassLoaderBase.checkThreadLocalMapForLeaks The web application [CalculadoraBinariaWS] created a ThreadLocal with key of type [com.sun.xml.bind.v2.runtime.Coordinator$1] (value [com.sun.xml.bind.v2.runtime.Coordinator$1@1caeb39]) and a value of type [java.lang.Object[]] (value [[Ljava.lang.Object;@1bf633f]) but failed to remove it when the web application was stopped. Threads are going to be renewed over time to try and avoid a probable memory leak.
03-Mar-2015 21:44:26.845 SEVERE [http-nio-8080-exec-6] org.apache.catalina.loader.WebappClassLoaderBase.checkThreadLocalMapForLeaks The web application [CalculadoraBinariaWS] created a ThreadLocal with key of type [com.sun.xml.bind.v2.ClassFactory$1] (value [com.sun.xml.bind.v2.ClassFactory$1@5b385b]) and a value of type [java.util.WeakHashMap] (value [{class com.sun.xml.ws.runtime.config.Tubelines=java.lang.ref.WeakReference@1f54d68, class com.sun.xml.ws.runtime.config.TubeFactoryList=java.lang.ref.WeakReference@1baf54c, class com.sun.xml.ws.runtime.config.MetroConfig=java.lang.ref.WeakReference@15cdb5f, class com.sun.xml.ws.runtime.config.TubeFactoryConfig=java.lang.ref.WeakReference@9ab94f, class javax.xml.bind.annotation.adapters.CollapsedStringAdapter=java.lang.ref.WeakReference@1ef3a79, class com.sun.xml.ws.runtime.config.TubelineDefinition=java.lang.ref.WeakReference@1b5b29d, class java.util.ArrayList=java.lang.ref.WeakReference@81397, class javax.xml.bind.annotation.W3CDomHandler=java.lang.ref.WeakReference@10f8118}]) but failed to remove it when the web application was stopped. Threads are going to be renewed over time to try and avoid a probable memory leak.
03-Mar-2015 21:44:26.845 SEVERE [http-nio-8080-exec-6] org.apache.catalina.loader.WebappClassLoaderBase.checkThreadLocalMapForLeaks The web application [CalculadoraBinariaWS] created a ThreadLocal with key of type [org.glassfish.gmbal.generic.OperationTracer$1] (value [org.glassfish.gmbal.generic.OperationTracer$1@eacf4]) and a value of type [java.util.ArrayList] (value [[]]) but failed to remove it when the web application was stopped. Threads are going to be renewed over time to try and avoid a probable memory leak.
03-Mar-2015 21:44:27.925 INFO [http-nio-8080-exec-6] org.apache.catalina.startup.HostConfig.undeploy Undeploying context [/CalculadoraBinariaWS]
03-Mar-2015 21:44:28.112 INFO [http-nio-8080-exec-4] org.apache.catalina.startup.HostConfig.deployDescriptor Deploying configuration descriptor D:\Programas\apache-tomcat-8.0.20\conf\Catalina\localhost\CalculadoraBinariaWS.xml
03-Mar-2015 21:44:28.180 WARNING [http-nio-8080-exec-4] org.apache.catalina.startup.SetContextPropertiesRule.begin [SetContextPropertiesRule]{Context} Setting property 'antiJARLocking' to 'true' did not find a matching property.
03-Mar-2015 21:44:51.237 INFO [http-nio-8080-exec-4] org.apache.jasper.servlet.TldScanner.scanJars At least one JAR was scanned for TLDs yet contained no TLDs. Enable debug logging for this logger for a complete list of JARs that were scanned but no TLDs were found in them. Skipping unneeded JARs during scanning can improve startup time and JSP compilation time.
03-Mar-2015 21:44:51.315 INFO [http-nio-8080-exec-4] com.sun.xml.ws.transport.http.servlet.WSServletContextListener.contextInitialized WSSERVLET12: JAX-WS context listener initializing
03-Mar-2015 21:45:13.288 INFO [http-nio-8080-exec-4] null.null Metro monitoring rootname successfully set to: com.sun.metro:pp=/,type=WSEndpoint,name=/CalculadoraBinariaWS-CaculadoraBinariaWS-CaculadoraBinariaWSPort
03-Mar-2015 21:45:14.681 INFO [http-nio-8080-exec-4] null.null WSSERVLET14: JAX-WS servlet initializing
03-Mar-2015 21:45:14.727 INFO [http-nio-8080-exec-4] org.apache.catalina.startup.HostConfig.deployDescriptor Deployment of configuration descriptor D:\Programas\apache-tomcat-8.0.20\conf\Catalina\localhost\CalculadoraBinariaWS.xml has finished in 46,615 ms
03-Mar-2015 21:45:14.736 INFO [http-nio-8080-exec-8] org.apache.catalina.util.LifecycleBase.start The start() method was called on component [StandardEngine[Catalina].StandardHost[localhost].StandardContext[/CalculadoraBinariaWS]] after start() had already been called. The second call will be ignored.
03-Mar-2015 21:55:48.788 INFO [http-nio-8080-exec-21] null.null WSSERVLET15: JAX-WS servlet destroyed
03-Mar-2015 21:55:48.789 INFO [http-nio-8080-exec-21] com.sun.xml.ws.server.MonitorBase.closeMOM Closing Metro monitoring root: com.sun.metro:pp=/,type=WSEndpoint,name=/CalculadoraBinariaWS-CaculadoraBinariaWS-CaculadoraBinariaWSPort
03-Mar-2015 21:55:48.789 INFO [http-nio-8080-exec-21] com.sun.xml.ws.transport.http.servlet.WSServletContextListener.contextDestroyed WSSERVLET13: JAX-WS context listener destroyed
03-Mar-2015 21:55:48.805 SEVERE [http-nio-8080-exec-21] org.apache.catalina.loader.WebappClassLoaderBase.checkThreadLocalMapForLeaks The web application [CalculadoraBinariaWS] created a ThreadLocal with key of type [com.sun.xml.bind.v2.runtime.Coordinator$1] (value [com.sun.xml.bind.v2.runtime.Coordinator$1@1201fd9]) and a value of type [java.lang.Object[]] (value [[Ljava.lang.Object;@8bc5de]) but failed to remove it when the web application was stopped. Threads are going to be renewed over time to try and avoid a probable memory leak.
03-Mar-2015 21:55:48.805 SEVERE [http-nio-8080-exec-21] org.apache.catalina.loader.WebappClassLoaderBase.checkThreadLocalMapForLeaks The web application [CalculadoraBinariaWS] created a ThreadLocal with key of type [com.sun.xml.bind.v2.ClassFactory$1] (value [com.sun.xml.bind.v2.ClassFactory$1@dca3a3]) and a value of type [java.util.WeakHashMap] (value [{class cotuca.unicamp.br.jaxws.SomaBinaria=java.lang.ref.WeakReference@13b3a22}]) but failed to remove it when the web application was stopped. Threads are going to be renewed over time to try and avoid a probable memory leak.
03-Mar-2015 21:55:48.805 SEVERE [http-nio-8080-exec-21] org.apache.catalina.loader.WebappClassLoaderBase.checkThreadLocalMapForLeaks The web application [CalculadoraBinariaWS] created a ThreadLocal with key of type [org.glassfish.gmbal.generic.OperationTracer$1] (value [org.glassfish.gmbal.generic.OperationTracer$1@24304b]) and a value of type [java.util.ArrayList] (value [[]]) but failed to remove it when the web application was stopped. Threads are going to be renewed over time to try and avoid a probable memory leak.
03-Mar-2015 21:55:49.737 INFO [http-nio-8080-exec-21] org.apache.catalina.startup.HostConfig.undeploy Undeploying context [/CalculadoraBinariaWS]
03-Mar-2015 21:55:49.896 INFO [http-nio-8080-exec-18] org.apache.catalina.startup.HostConfig.deployDescriptor Deploying configuration descriptor D:\Programas\apache-tomcat-8.0.20\conf\Catalina\localhost\CalculadoraBinariaWS.xml
03-Mar-2015 21:55:49.960 WARNING [http-nio-8080-exec-18] org.apache.catalina.startup.SetContextPropertiesRule.begin [SetContextPropertiesRule]{Context} Setting property 'antiJARLocking' to 'true' did not find a matching property.
03-Mar-2015 21:56:12.713 INFO [http-nio-8080-exec-18] org.apache.jasper.servlet.TldScanner.scanJars At least one JAR was scanned for TLDs yet contained no TLDs. Enable debug logging for this logger for a complete list of JARs that were scanned but no TLDs were found in them. Skipping unneeded JARs during scanning can improve startup time and JSP compilation time.
03-Mar-2015 21:56:12.794 INFO [http-nio-8080-exec-18] null.null WSSERVLET12: JAX-WS context listener initializing
03-Mar-2015 21:56:35.569 INFO [http-nio-8080-exec-18] com.sun.xml.ws.server.MonitorBase.createRoot Metro monitoring rootname successfully set to: com.sun.metro:pp=/,type=WSEndpoint,name=/CalculadoraBinariaWS-CaculadoraBinariaWS-CaculadoraBinariaWSPort
03-Mar-2015 21:56:37.709 INFO [http-nio-8080-exec-18] null.null WSSERVLET14: JAX-WS servlet initializing
03-Mar-2015 21:56:37.764 INFO [http-nio-8080-exec-18] org.apache.catalina.startup.HostConfig.deployDescriptor Deployment of configuration descriptor D:\Programas\apache-tomcat-8.0.20\conf\Catalina\localhost\CalculadoraBinariaWS.xml has finished in 47,868 ms
03-Mar-2015 21:56:37.771 INFO [http-nio-8080-exec-26] org.apache.catalina.util.LifecycleBase.start The start() method was called on component [StandardEngine[Catalina].StandardHost[localhost].StandardContext[/CalculadoraBinariaWS]] after start() had already been called. The second call will be ignored.
03-Mar-2015 21:58:24.547 INFO [http-nio-8080-exec-29] null.null WSSERVLET15: JAX-WS servlet destroyed
03-Mar-2015 21:58:24.547 INFO [http-nio-8080-exec-29] com.sun.xml.ws.server.MonitorBase.closeMOM Closing Metro monitoring root: com.sun.metro:pp=/,type=WSEndpoint,name=/CalculadoraBinariaWS-CaculadoraBinariaWS-CaculadoraBinariaWSPort
03-Mar-2015 21:58:24.548 INFO [http-nio-8080-exec-29] com.sun.xml.ws.transport.http.servlet.WSServletContextListener.contextDestroyed WSSERVLET13: JAX-WS context listener destroyed
03-Mar-2015 21:58:24.563 SEVERE [http-nio-8080-exec-29] org.apache.catalina.loader.WebappClassLoaderBase.checkThreadLocalMapForLeaks The web application [CalculadoraBinariaWS] created a ThreadLocal with key of type [com.sun.xml.bind.v2.runtime.Coordinator$1] (value [com.sun.xml.bind.v2.runtime.Coordinator$1@1683214]) and a value of type [java.lang.Object[]] (value [[Ljava.lang.Object;@11e4967]) but failed to remove it when the web application was stopped. Threads are going to be renewed over time to try and avoid a probable memory leak.
03-Mar-2015 21:58:24.563 SEVERE [http-nio-8080-exec-29] org.apache.catalina.loader.WebappClassLoaderBase.checkThreadLocalMapForLeaks The web application [CalculadoraBinariaWS] created a ThreadLocal with key of type [com.sun.xml.bind.v2.ClassFactory$1] (value [com.sun.xml.bind.v2.ClassFactory$1@2bb1e5]) and a value of type [java.util.WeakHashMap] (value [{class cotuca.unicamp.br.jaxws.SomaBinaria=java.lang.ref.WeakReference@b8fdd2}]) but failed to remove it when the web application was stopped. Threads are going to be renewed over time to try and avoid a probable memory leak.
03-Mar-2015 21:58:24.563 SEVERE [http-nio-8080-exec-29] org.apache.catalina.loader.WebappClassLoaderBase.checkThreadLocalMapForLeaks The web application [CalculadoraBinariaWS] created a ThreadLocal with key of type [org.glassfish.gmbal.generic.OperationTracer$1] (value [org.glassfish.gmbal.generic.OperationTracer$1@6c9c03]) and a value of type [java.util.ArrayList] (value [[]]) but failed to remove it when the web application was stopped. Threads are going to be renewed over time to try and avoid a probable memory leak.
03-Mar-2015 21:58:25.537 INFO [http-nio-8080-exec-29] org.apache.catalina.startup.HostConfig.undeploy Undeploying context [/CalculadoraBinariaWS]
03-Mar-2015 21:58:25.697 INFO [http-nio-8080-exec-20] org.apache.catalina.startup.HostConfig.deployDescriptor Deploying configuration descriptor D:\Programas\apache-tomcat-8.0.20\conf\Catalina\localhost\CalculadoraBinariaWS.xml
03-Mar-2015 21:58:25.763 WARNING [http-nio-8080-exec-20] org.apache.catalina.startup.SetContextPropertiesRule.begin [SetContextPropertiesRule]{Context} Setting property 'antiJARLocking' to 'true' did not find a matching property.
03-Mar-2015 21:58:56.953 INFO [http-nio-8080-exec-20] org.apache.jasper.servlet.TldScanner.scanJars At least one JAR was scanned for TLDs yet contained no TLDs. Enable debug logging for this logger for a complete list of JARs that were scanned but no TLDs were found in them. Skipping unneeded JARs during scanning can improve startup time and JSP compilation time.
03-Mar-2015 21:58:57.037 INFO [http-nio-8080-exec-20] null.null WSSERVLET12: JAX-WS context listener initializing
03-Mar-2015 21:59:16.544 INFO [http-nio-8080-exec-20] com.sun.xml.ws.server.MonitorBase.createRoot Metro monitoring rootname successfully set to: com.sun.metro:pp=/,type=WSEndpoint,name=/CalculadoraBinariaWS-CaculadoraBinariaWS-CaculadoraBinariaWSPort
03-Mar-2015 21:59:21.383 INFO [http-nio-8080-exec-20] null.null WSSERVLET14: JAX-WS servlet initializing
03-Mar-2015 21:59:21.443 INFO [http-nio-8080-exec-20] org.apache.catalina.startup.HostConfig.deployDescriptor Deployment of configuration descriptor D:\Programas\apache-tomcat-8.0.20\conf\Catalina\localhost\CalculadoraBinariaWS.xml has finished in 55,746 ms
03-Mar-2015 21:59:21.457 INFO [http-nio-8080-exec-34] org.apache.catalina.util.LifecycleBase.start The start() method was called on component [StandardEngine[Catalina].StandardHost[localhost].StandardContext[/CalculadoraBinariaWS]] after start() had already been called. The second call will be ignored.
03-Mar-2015 22:00:13.303 INFO [http-nio-8080-exec-35] org.apache.catalina.core.StandardContext.reload Reloading Context with name [/CalculadoraBinariaWS] has started
03-Mar-2015 22:00:13.305 INFO [http-nio-8080-exec-35] null.null WSSERVLET15: JAX-WS servlet destroyed
03-Mar-2015 22:00:13.306 INFO [http-nio-8080-exec-35] com.sun.xml.ws.server.MonitorBase.closeMOM Closing Metro monitoring root: com.sun.metro:pp=/,type=WSEndpoint,name=/CalculadoraBinariaWS-CaculadoraBinariaWS-CaculadoraBinariaWSPort
03-Mar-2015 22:00:13.306 INFO [http-nio-8080-exec-35] com.sun.xml.ws.transport.http.servlet.WSServletContextListener.contextDestroyed WSSERVLET13: JAX-WS context listener destroyed
03-Mar-2015 22:00:13.330 SEVERE [http-nio-8080-exec-35] org.apache.catalina.loader.WebappClassLoaderBase.checkThreadLocalMapForLeaks The web application [CalculadoraBinariaWS] created a ThreadLocal with key of type [org.glassfish.gmbal.generic.OperationTracer$1] (value [org.glassfish.gmbal.generic.OperationTracer$1@df5e39]) and a value of type [java.util.ArrayList] (value [[]]) but failed to remove it when the web application was stopped. Threads are going to be renewed over time to try and avoid a probable memory leak.
03-Mar-2015 22:00:13.330 SEVERE [http-nio-8080-exec-35] org.apache.catalina.loader.WebappClassLoaderBase.checkThreadLocalMapForLeaks The web application [CalculadoraBinariaWS] created a ThreadLocal with key of type [com.sun.xml.bind.v2.runtime.Coordinator$1] (value [com.sun.xml.bind.v2.runtime.Coordinator$1@110e2e1]) and a value of type [java.lang.Object[]] (value [[Ljava.lang.Object;@9270d6]) but failed to remove it when the web application was stopped. Threads are going to be renewed over time to try and avoid a probable memory leak.
03-Mar-2015 22:00:13.330 SEVERE [http-nio-8080-exec-35] org.apache.catalina.loader.WebappClassLoaderBase.checkThreadLocalMapForLeaks The web application [CalculadoraBinariaWS] created a ThreadLocal with key of type [com.sun.xml.bind.v2.ClassFactory$1] (value [com.sun.xml.bind.v2.ClassFactory$1@117d2bd]) and a value of type [java.util.WeakHashMap] (value [{class cotuca.unicamp.br.jaxws.SomaBinaria=java.lang.ref.WeakReference@1db7630}]) but failed to remove it when the web application was stopped. Threads are going to be renewed over time to try and avoid a probable memory leak.
03-Mar-2015 22:00:53.393 INFO [http-nio-8080-exec-35] org.apache.jasper.servlet.TldScanner.scanJars At least one JAR was scanned for TLDs yet contained no TLDs. Enable debug logging for this logger for a complete list of JARs that were scanned but no TLDs were found in them. Skipping unneeded JARs during scanning can improve startup time and JSP compilation time.
03-Mar-2015 22:00:53.481 INFO [http-nio-8080-exec-35] com.sun.xml.ws.transport.http.servlet.WSServletContextListener.contextInitialized WSSERVLET12: JAX-WS context listener initializing
03-Mar-2015 22:01:12.995 INFO [http-nio-8080-exec-35] null.null Metro monitoring rootname successfully set to: com.sun.metro:pp=/,type=WSEndpoint,name=/CalculadoraBinariaWS-CaculadoraBinariaWS-CaculadoraBinariaWSPort
03-Mar-2015 22:01:14.494 INFO [http-nio-8080-exec-35] null.null WSSERVLET14: JAX-WS servlet initializing
03-Mar-2015 22:01:14.519 INFO [http-nio-8080-exec-35] org.apache.catalina.core.StandardContext.reload Reloading Context with name [/CalculadoraBinariaWS] is completed
03-Mar-2015 22:01:14.541 INFO [http-nio-8080-exec-40] com.sun.xml.ws.transport.http.servlet.WSServletDelegate.destroy WSSERVLET15: JAX-WS servlet destroyed
03-Mar-2015 22:01:14.541 INFO [http-nio-8080-exec-40] com.sun.xml.ws.server.MonitorBase.closeMOM Closing Metro monitoring root: com.sun.metro:pp=/,type=WSEndpoint,name=/CalculadoraBinariaWS-CaculadoraBinariaWS-CaculadoraBinariaWSPort
03-Mar-2015 22:01:14.542 INFO [http-nio-8080-exec-40] com.sun.xml.ws.transport.http.servlet.WSServletContextListener.contextDestroyed WSSERVLET13: JAX-WS context listener destroyed
03-Mar-2015 22:01:14.564 SEVERE [http-nio-8080-exec-40] org.apache.catalina.loader.WebappClassLoaderBase.checkThreadLocalMapForLeaks The web application [CalculadoraBinariaWS] created a ThreadLocal with key of type [org.glassfish.gmbal.generic.OperationTracer$1] (value [org.glassfish.gmbal.generic.OperationTracer$1@cc815]) and a value of type [java.util.ArrayList] (value [[]]) but failed to remove it when the web application was stopped. Threads are going to be renewed over time to try and avoid a probable memory leak.
03-Mar-2015 22:01:15.528 INFO [http-nio-8080-exec-40] org.apache.catalina.startup.HostConfig.undeploy Undeploying context [/CalculadoraBinariaWS]
03-Mar-2015 22:01:41.900 INFO [http-nio-8080-exec-46] org.apache.catalina.startup.HostConfig.deployDescriptor Deploying configuration descriptor D:\Programas\apache-tomcat-8.0.20\conf\Catalina\localhost\CalculadoraBinariaWS.xml
03-Mar-2015 22:01:41.977 WARNING [http-nio-8080-exec-46] org.apache.catalina.startup.SetContextPropertiesRule.begin [SetContextPropertiesRule]{Context} Setting property 'antiJARLocking' to 'true' did not find a matching property.
03-Mar-2015 22:02:13.884 INFO [http-nio-8080-exec-46] org.apache.jasper.servlet.TldScanner.scanJars At least one JAR was scanned for TLDs yet contained no TLDs. Enable debug logging for this logger for a complete list of JARs that were scanned but no TLDs were found in them. Skipping unneeded JARs during scanning can improve startup time and JSP compilation time.
03-Mar-2015 22:02:13.986 INFO [http-nio-8080-exec-46] com.sun.xml.ws.transport.http.servlet.WSServletContextListener.contextInitialized WSSERVLET12: JAX-WS context listener initializing
03-Mar-2015 22:02:34.295 INFO [http-nio-8080-exec-46] null.null Metro monitoring rootname successfully set to: com.sun.metro:pp=/,type=WSEndpoint,name=/CalculadoraBinariaWS-CaculadoraBinariaWS-CaculadoraBinariaWSPort
03-Mar-2015 22:02:36.124 INFO [http-nio-8080-exec-46] com.sun.xml.ws.transport.http.servlet.WSServletDelegate.<init> WSSERVLET14: JAX-WS servlet initializing
03-Mar-2015 22:02:36.184 INFO [http-nio-8080-exec-46] org.apache.catalina.startup.HostConfig.deployDescriptor Deployment of configuration descriptor D:\Programas\apache-tomcat-8.0.20\conf\Catalina\localhost\CalculadoraBinariaWS.xml has finished in 54,284 ms
03-Mar-2015 22:02:36.192 INFO [http-nio-8080-exec-44] org.apache.catalina.util.LifecycleBase.start The start() method was called on component [StandardEngine[Catalina].StandardHost[localhost].StandardContext[/CalculadoraBinariaWS]] after start() had already been called. The second call will be ignored.
03-Mar-2015 22:03:27.388 SEVERE [http-nio-8080-exec-33] null.null For input string: "001asd100"
 java.lang.NumberFormatException: For input string: "001asd100"
	at java.lang.NumberFormatException.forInputString(NumberFormatException.java:65)
	at java.lang.Integer.parseInt(Integer.java:580)
	at cotuca.unicamp.br.CaculadoraBinariaWS.somaBinaria(CaculadoraBinariaWS.java:29)
	at sun.reflect.NativeMethodAccessorImpl.invoke0(Native Method)
	at sun.reflect.NativeMethodAccessorImpl.invoke(NativeMethodAccessorImpl.java:62)
	at sun.reflect.DelegatingMethodAccessorImpl.invoke(DelegatingMethodAccessorImpl.java:43)
	at java.lang.reflect.Method.invoke(Method.java:483)
	at com.sun.xml.ws.api.server.InstanceResolver$1.invoke(InstanceResolver.java:246)
	at com.sun.xml.ws.server.InvokerTube$2.invoke(InvokerTube.java:146)
	at com.sun.xml.ws.server.sei.EndpointMethodHandler.invoke(EndpointMethodHandler.java:257)
	at com.sun.xml.ws.server.sei.SEIInvokerTube.processRequest(SEIInvokerTube.java:95)
	at com.sun.xml.ws.api.pipe.Fiber.__doRun(Fiber.java:629)
	at com.sun.xml.ws.api.pipe.Fiber._doRun(Fiber.java:588)
	at com.sun.xml.ws.api.pipe.Fiber.doRun(Fiber.java:573)
	at com.sun.xml.ws.api.pipe.Fiber.runSync(Fiber.java:470)
	at com.sun.xml.ws.server.WSEndpointImpl$2.process(WSEndpointImpl.java:295)
	at com.sun.xml.ws.transport.http.HttpAdapter$HttpToolkit.handle(HttpAdapter.java:515)
	at com.sun.xml.ws.transport.http.HttpAdapter.handle(HttpAdapter.java:285)
	at com.sun.xml.ws.transport.http.servlet.ServletAdapter.handle(ServletAdapter.java:143)
	at com.sun.xml.ws.transport.http.servlet.WSServletDelegate.doGet(WSServletDelegate.java:155)
	at com.sun.xml.ws.transport.http.servlet.WSServletDelegate.doPost(WSServletDelegate.java:189)
	at com.sun.xml.ws.transport.http.servlet.WSServlet.doPost(WSServlet.java:76)
	at javax.servlet.http.HttpServlet.service(HttpServlet.java:644)
	at javax.servlet.http.HttpServlet.service(HttpServlet.java:725)
	at org.apache.catalina.core.ApplicationFilterChain.internalDoFilter(ApplicationFilterChain.java:291)
	at org.apache.catalina.core.ApplicationFilterChain.doFilter(ApplicationFilterChain.java:206)
	at org.apache.tomcat.websocket.server.WsFilter.doFilter(WsFilter.java:52)
	at org.apache.catalina.core.ApplicationFilterChain.internalDoFilter(ApplicationFilterChain.java:239)
	at org.apache.catalina.core.ApplicationFilterChain.doFilter(ApplicationFilterChain.java:206)
	at org.apache.catalina.core.StandardWrapperValve.invoke(StandardWrapperValve.java:219)
	at org.apache.catalina.core.StandardContextValve.invoke(StandardContextValve.java:106)
	at org.apache.catalina.authenticator.AuthenticatorBase.invoke(AuthenticatorBase.java:501)
	at org.apache.catalina.core.StandardHostValve.invoke(StandardHostValve.java:142)
	at org.apache.catalina.valves.ErrorReportValve.invoke(ErrorReportValve.java:79)
	at org.apache.catalina.valves.AbstractAccessLogValve.invoke(AbstractAccessLogValve.java:610)
	at org.apache.catalina.core.StandardEngineValve.invoke(StandardEngineValve.java:88)
	at org.apache.catalina.connector.CoyoteAdapter.service(CoyoteAdapter.java:516)
	at org.apache.coyote.http11.AbstractHttp11Processor.process(AbstractHttp11Processor.java:1086)
	at org.apache.coyote.AbstractProtocol$AbstractConnectionHandler.process(AbstractProtocol.java:659)
	at org.apache.coyote.http11.Http11NioProtocol$Http11ConnectionHandler.process(Http11NioProtocol.java:223)
	at org.apache.tomcat.util.net.NioEndpoint$SocketProcessor.doRun(NioEndpoint.java:1558)
	at org.apache.tomcat.util.net.NioEndpoint$SocketProcessor.run(NioEndpoint.java:1515)
	at java.util.concurrent.ThreadPoolExecutor.runWorker(ThreadPoolExecutor.java:1142)
	at java.util.concurrent.ThreadPoolExecutor$Worker.run(ThreadPoolExecutor.java:617)
	at org.apache.tomcat.util.threads.TaskThread$WrappingRunnable.run(TaskThread.java:61)
	at java.lang.Thread.run(Thread.java:745)

03-Mar-2015 22:04:50.545 INFO [main] org.apache.catalina.core.StandardServer.await A valid shutdown command was received via the shutdown port. Stopping the Server instance.
03-Mar-2015 22:04:50.546 INFO [main] org.apache.coyote.AbstractProtocol.pause Pausing ProtocolHandler ["http-nio-8080"]
03-Mar-2015 22:04:50.600 INFO [main] org.apache.coyote.AbstractProtocol.pause Pausing ProtocolHandler ["ajp-nio-8009"]
03-Mar-2015 22:04:50.651 INFO [main] org.apache.catalina.core.StandardService.stopInternal Stopping service Catalina
03-Mar-2015 22:04:50.818 INFO [localhost-startStop-2] null.null WSSERVLET15: JAX-WS servlet destroyed
03-Mar-2015 22:04:50.819 INFO [localhost-startStop-2] null.null Closing Metro monitoring root: com.sun.metro:pp=/,type=WSEndpoint,name=/CalculadoraBinariaWS-CaculadoraBinariaWS-CaculadoraBinariaWSPort
03-Mar-2015 22:04:50.819 INFO [localhost-startStop-2] com.sun.xml.ws.transport.http.servlet.WSServletContextListener.contextDestroyed WSSERVLET13: JAX-WS context listener destroyed
03-Mar-2015 22:04:50.833 SEVERE [localhost-startStop-2] org.apache.catalina.loader.WebappClassLoaderBase.checkThreadLocalMapForLeaks The web application [CalculadoraBinariaWS] created a ThreadLocal with key of type [com.sun.xml.bind.v2.runtime.Coordinator$1] (value [com.sun.xml.bind.v2.runtime.Coordinator$1@1090bba]) and a value of type [java.lang.Object[]] (value [[Ljava.lang.Object;@fcc02f]) but failed to remove it when the web application was stopped. Threads are going to be renewed over time to try and avoid a probable memory leak.
03-Mar-2015 22:04:50.833 SEVERE [localhost-startStop-2] org.apache.catalina.loader.WebappClassLoaderBase.checkThreadLocalMapForLeaks The web application [CalculadoraBinariaWS] created a ThreadLocal with key of type [com.sun.xml.bind.v2.ClassFactory$1] (value [com.sun.xml.bind.v2.ClassFactory$1@16cc2bd]) and a value of type [java.util.WeakHashMap] (value [{class cotuca.unicamp.br.jaxws.SubtracaoBinaria=java.lang.ref.WeakReference@a069}]) but failed to remove it when the web application was stopped. Threads are going to be renewed over time to try and avoid a probable memory leak.
03-Mar-2015 22:04:50.834 SEVERE [localhost-startStop-2] org.apache.catalina.loader.WebappClassLoaderBase.checkThreadLocalMapForLeaks The web application [CalculadoraBinariaWS] created a ThreadLocal with key of type [org.glassfish.gmbal.generic.OperationTracer$1] (value [org.glassfish.gmbal.generic.OperationTracer$1@1c32788]) and a value of type [java.util.ArrayList] (value [[]]) but failed to remove it when the web application was stopped. Threads are going to be renewed over time to try and avoid a probable memory leak.
03-Mar-2015 22:04:50.834 SEVERE [localhost-startStop-2] org.apache.catalina.loader.WebappClassLoaderBase.checkThreadLocalMapForLeaks The web application [CalculadoraBinariaWS] created a ThreadLocal with key of type [com.sun.xml.bind.v2.runtime.Coordinator$1] (value [com.sun.xml.bind.v2.runtime.Coordinator$1@1090bba]) and a value of type [java.lang.Object[]] (value [[Ljava.lang.Object;@14a7867]) but failed to remove it when the web application was stopped. Threads are going to be renewed over time to try and avoid a probable memory leak.
03-Mar-2015 22:04:50.834 SEVERE [localhost-startStop-2] org.apache.catalina.loader.WebappClassLoaderBase.checkThreadLocalMapForLeaks The web application [CalculadoraBinariaWS] created a ThreadLocal with key of type [com.sun.xml.bind.v2.ClassFactory$1] (value [com.sun.xml.bind.v2.ClassFactory$1@16cc2bd]) and a value of type [java.util.WeakHashMap] (value [{class cotuca.unicamp.br.jaxws.SomaBinaria=java.lang.ref.WeakReference@ac3f19, class com.sun.xml.ws.runtime.config.TubeFactoryList=java.lang.ref.WeakReference@1eed38d, class com.sun.xml.ws.runtime.config.MetroConfig=java.lang.ref.WeakReference@1db445f, class com.sun.xml.ws.runtime.config.TubeFactoryConfig=java.lang.ref.WeakReference@1a69b03, class com.sun.xml.ws.runtime.config.TubelineDefinition=java.lang.ref.WeakReference@ab3019, class javax.xml.bind.annotation.adapters.CollapsedStringAdapter=java.lang.ref.WeakReference@1d6fafa, class com.sun.xml.ws.runtime.config.Tubelines=java.lang.ref.WeakReference@46bd23, class java.util.ArrayList=java.lang.ref.WeakReference@14b4fab, class javax.xml.bind.annotation.W3CDomHandler=java.lang.ref.WeakReference@279d23}]) but failed to remove it when the web application was stopped. Threads are going to be renewed over time to try and avoid a probable memory leak.
03-Mar-2015 22:04:50.834 SEVERE [localhost-startStop-2] org.apache.catalina.loader.WebappClassLoaderBase.checkThreadLocalMapForLeaks The web application [CalculadoraBinariaWS] created a ThreadLocal with key of type [com.sun.xml.bind.v2.runtime.Coordinator$1] (value [com.sun.xml.bind.v2.runtime.Coordinator$1@1090bba]) and a value of type [java.lang.Object[]] (value [[Ljava.lang.Object;@80bf77]) but failed to remove it when the web application was stopped. Threads are going to be renewed over time to try and avoid a probable memory leak.
03-Mar-2015 22:04:50.862 SEVERE [localhost-startStop-2] org.apache.catalina.loader.WebappClassLoaderBase.checkThreadLocalMapForLeaks The web application [CalculadoraBinariaWS] created a ThreadLocal with key of type [com.sun.xml.bind.v2.ClassFactory$1] (value [com.sun.xml.bind.v2.ClassFactory$1@16cc2bd]) and a value of type [java.util.WeakHashMap] (value [{class cotuca.unicamp.br.jaxws.SomaBinaria=java.lang.ref.WeakReference@162a8a1}]) but failed to remove it when the web application was stopped. Threads are going to be renewed over time to try and avoid a probable memory leak.
03-Mar-2015 22:04:50.862 SEVERE [localhost-startStop-2] org.apache.catalina.loader.WebappClassLoaderBase.checkThreadLocalMapForLeaks The web application [CalculadoraBinariaWS] created a ThreadLocal with key of type [org.glassfish.gmbal.generic.OperationTracer$1] (value [org.glassfish.gmbal.generic.OperationTracer$1@1c32788]) and a value of type [java.util.ArrayList] (value [[]]) but failed to remove it when the web application was stopped. Threads are going to be renewed over time to try and avoid a probable memory leak.
03-Mar-2015 22:04:50.988 INFO [main] org.apache.coyote.AbstractProtocol.stop Stopping ProtocolHandler ["http-nio-8080"]
03-Mar-2015 22:04:50.990 INFO [main] org.apache.coyote.AbstractProtocol.stop Stopping ProtocolHandler ["ajp-nio-8009"]
03-Mar-2015 22:04:50.991 INFO [main] org.apache.coyote.AbstractProtocol.destroy Destroying ProtocolHandler ["http-nio-8080"]
03-Mar-2015 22:04:50.995 INFO [main] org.apache.coyote.AbstractProtocol.destroy Destroying ProtocolHandler ["ajp-nio-8009"]
